./mutants/test.mutant.1153.cpp: In function 'void testDictItem()':
./mutants/test.mutant.1153.cpp:41:24: warning: ISO C++ forbids converting a string constant to 'char*' [-Wwrite-strings]
     char *valueChars = "Value";
                        ^~~~~~~
./mutants/test.mutant.1153.cpp: In function 'void testListItem()':
./mutants/test.mutant.1153.cpp:54:32: warning: ISO C++ forbids converting a string constant to 'char*' [-Wwrite-strings]
     char *firstListDataChars = "Test";
                                ^~~~~~
./mutants/test.mutant.1153.cpp:55:33: warning: ISO C++ forbids converting a string constant to 'char*' [-Wwrite-strings]
     char *secondListDataChars = "Test2";
                                 ^~~~~~~
./mutants/test.mutant.1153.cpp: In function 'void testList()':
./mutants/test.mutant.1153.cpp:90:27: warning: ISO C++ forbids converting a string constant to 'char*' [-Wwrite-strings]
     char *firstListData = "First";
                           ^~~~~~~
./mutants/test.mutant.1153.cpp:91:28: warning: ISO C++ forbids converting a string constant to 'char*' [-Wwrite-strings]
     char *secondListData = "Second";
                            ^~~~~~~~
./mutants/test.mutant.1153.cpp: In function 'void testJson()':
./mutants/test.mutant.1153.cpp:117:17: warning: ISO C++ forbids converting a string constant to 'char*' [-Wwrite-strings]
     char *key = "Key";
                 ^~~~~
./mutants/test.mutant.1153.cpp:118:19: warning: ISO C++ forbids converting a string constant to 'char*' [-Wwrite-strings]
     char *value = "Value";
                   ^~~~~~~
./mutants/test.mutant.1153.cpp: In function 'void testProperty()':
./mutants/test.mutant.1153.cpp:133:17: warning: ISO C++ forbids converting a string constant to 'char*' [-Wwrite-strings]
     char *key = "Cartoonish";
                 ^~~~~~~~~~~~
./mutants/test.mutant.1153.cpp: In function 'void testWidget()':
./mutants/test.mutant.1153.cpp:182:101: error: expected '>' before '%>' token
     Widget *secondWidget = new Widget(secondX, secondY, secondWidth, secondHeight, static_cast<void %>(secondWidgetData), secondProperty);
                                                                                                     ^~
./mutants/test.mutant.1153.cpp:182:101: error: expected '(' before '%>' token
./mutants/test.mutant.1153.cpp:182:101: error: expected primary-expression before '%>' token
./mutants/test.mutant.1153.cpp:182:101: error: expected ')' before '%>' token
./mutants/test.mutant.1153.cpp:182:101: error: expected ',' or ';' before '%>' token
./mutants/test.mutant.1153.cpp: At global scope:
./mutants/test.mutant.1153.cpp:182:121: error: expected constructor, destructor, or type conversion before ',' token
     Widget *secondWidget = new Widget(secondX, secondY, secondWidth, secondHeight, static_cast<void %>(secondWidgetData), secondProperty);
                                                                                                                         ^
./mutants/test.mutant.1153.cpp:182:137: error: expected constructor, destructor, or type conversion before ')' token
     Widget *secondWidget = new Widget(secondX, secondY, secondWidth, secondHeight, static_cast<void %>(secondWidgetData), secondProperty);
                                                                                                                                         ^
./mutants/test.mutant.1153.cpp:185:5: error: 'firstWidget' does not name a type
     firstWidget->addItem(secondWidget->getItem());
     ^~~~~~~~~~~
In file included from c:\users\ih295\mingw\lib\gcc\mingw32\6.3.0\include\c++\cassert:44:0,
                 from include/properties/nlohmann/json.hpp:2555,
                 from include/properties/property.hpp:9,
                 from ./mutants/test.mutant.1153.cpp:4:
./mutants/test.mutant.1153.cpp:188:13: error: expected unqualified-id before string constant
     assert(("Failed to add second widget to first", (widgetAdded(firstWidget, secondWidget)) == true));
             ^
./mutants/test.mutant.1153.cpp:188:13: error: expected ')' before string constant
./mutants/test.mutant.1153.cpp:188:13: error: expected ')' before string constant
./mutants/test.mutant.1153.cpp:188:13: error: expected ')' before string constant
./mutants/test.mutant.1153.cpp:189:5: error: 'firstWidget' does not name a type
     firstWidget->setItem(firstWidget->getItem()->previous);
     ^~~~~~~~~~~
./mutants/test.mutant.1153.cpp:192:66: error: 'firstWidget' was not declared in this scope
     WidgetItem *firstWidgetParams = (WidgetItem *) ((ListItem *) firstWidget->getItem())->getData();
                                                                  ^~~~~~~~~~~
In file included from c:\users\ih295\mingw\lib\gcc\mingw32\6.3.0\include\c++\cassert:44:0,
                 from include/properties/nlohmann/json.hpp:2555,
                 from include/properties/property.hpp:9,
                 from ./mutants/test.mutant.1153.cpp:4:
./mutants/test.mutant.1153.cpp:193:13: error: expected unqualified-id before string constant
     assert(("Widget: First Widget: x is not the same value", (firstX == firstWidgetParams->x)));
             ^
./mutants/test.mutant.1153.cpp:193:13: error: expected ')' before string constant
./mutants/test.mutant.1153.cpp:193:13: error: expected ')' before string constant
./mutants/test.mutant.1153.cpp:193:13: error: expected ')' before string constant
./mutants/test.mutant.1153.cpp:194:13: error: expected unqualified-id before string constant
     assert(("Widget: First Widget: y is not the same value", (firstY == firstWidgetParams->y)));
             ^
./mutants/test.mutant.1153.cpp:194:13: error: expected ')' before string constant
./mutants/test.mutant.1153.cpp:194:13: error: expected ')' before string constant
./mutants/test.mutant.1153.cpp:194:13: error: expected ')' before string constant
./mutants/test.mutant.1153.cpp:195:13: error: expected unqualified-id before string constant
     assert(("Widget: First Widget: width is not the same value", (firstWidth == firstWidgetParams->width)));
             ^
./mutants/test.mutant.1153.cpp:195:13: error: expected ')' before string constant
./mutants/test.mutant.1153.cpp:195:13: error: expected ')' before string constant
./mutants/test.mutant.1153.cpp:195:13: error: expected ')' before string constant
./mutants/test.mutant.1153.cpp:196:13: error: expected unqualified-id before string constant
     assert(("Widget: First Widget: height is not the same value", (firstHeight == firstWidgetParams->height)));
             ^
./mutants/test.mutant.1153.cpp:196:13: error: expected ')' before string constant
./mutants/test.mutant.1153.cpp:196:13: error: expected ')' before string constant
./mutants/test.mutant.1153.cpp:196:13: error: expected ')' before string constant
./mutants/test.mutant.1153.cpp:197:13: error: expected unqualified-id before string constant
     assert(("Widget: First Widget: data is not the same", (std::strcmp(firstWidgetData->c_str(), (static_cast<std::string *>(firstWidgetParams->widgetData))->c_str()) == 0)));
             ^
./mutants/test.mutant.1153.cpp:197:13: error: expected ')' before string constant
./mutants/test.mutant.1153.cpp:197:13: error: expected ')' before string constant
./mutants/test.mutant.1153.cpp:197:13: error: expected ')' before string constant
./mutants/test.mutant.1153.cpp:198:13: error: expected unqualified-id before string constant
     assert(("Widget: First Widget: Property: key is not the same", (std::strcmp(firstPropKey, firstWidgetParams->properties->key()) == 0)));
             ^
./mutants/test.mutant.1153.cpp:198:13: error: expected ')' before string constant
./mutants/test.mutant.1153.cpp:198:13: error: expected ')' before string constant
./mutants/test.mutant.1153.cpp:198:13: error: expected ')' before string constant
./mutants/test.mutant.1153.cpp:199:13: error: expected unqualified-id before string constant
     assert(("Widget: First Widget: Property: value is not the same", (std::strcmp(firstPropVal->c_str(), firstWidgetParams->properties->valueAsString().c_str()) == 0)));
             ^
./mutants/test.mutant.1153.cpp:199:13: error: expected ')' before string constant
./mutants/test.mutant.1153.cpp:199:13: error: expected ')' before string constant
./mutants/test.mutant.1153.cpp:199:13: error: expected ')' before string constant
./mutants/test.mutant.1153.cpp:202:67: error: 'secondWidget' was not declared in this scope
     WidgetItem *secondWidgetParams = (WidgetItem *) ((ListItem *) secondWidget->getItem())->getData();
                                                                   ^~~~~~~~~~~~
In file included from c:\users\ih295\mingw\lib\gcc\mingw32\6.3.0\include\c++\cassert:44:0,
                 from include/properties/nlohmann/json.hpp:2555,
                 from include/properties/property.hpp:9,
                 from ./mutants/test.mutant.1153.cpp:4:
./mutants/test.mutant.1153.cpp:203:13: error: expected unqualified-id before string constant
     assert(("Widget: Second Widget: x is not the same value", (secondX == secondWidgetParams->x)));
             ^
./mutants/test.mutant.1153.cpp:203:13: error: expected ')' before string constant
./mutants/test.mutant.1153.cpp:203:13: error: expected ')' before string constant
./mutants/test.mutant.1153.cpp:203:13: error: expected ')' before string constant
./mutants/test.mutant.1153.cpp:204:13: error: expected unqualified-id before string constant
     assert(("Widget: Second Widget: y is not the same value", (secondY == secondWidgetParams->y)));
             ^
./mutants/test.mutant.1153.cpp:204:13: error: expected ')' before string constant
./mutants/test.mutant.1153.cpp:204:13: error: expected ')' before string constant
./mutants/test.mutant.1153.cpp:204:13: error: expected ')' before string constant
./mutants/test.mutant.1153.cpp:205:13: error: expected unqualified-id before string constant
     assert(("Widget: Second Widget: width is not the same value", (secondWidth == secondWidgetParams->width)));
             ^
./mutants/test.mutant.1153.cpp:205:13: error: expected ')' before string constant
./mutants/test.mutant.1153.cpp:205:13: error: expected ')' before string constant
./mutants/test.mutant.1153.cpp:205:13: error: expected ')' before string constant
./mutants/test.mutant.1153.cpp:206:13: error: expected unqualified-id before string constant
     assert(("Widget: Second Widget: height is not the same value", (secondHeight == secondWidgetParams->height)));
             ^
./mutants/test.mutant.1153.cpp:206:13: error: expected ')' before string constant
./mutants/test.mutant.1153.cpp:206:13: error: expected ')' before string constant
./mutants/test.mutant.1153.cpp:206:13: error: expected ')' before string constant
./mutants/test.mutant.1153.cpp:207:13: error: expected unqualified-id before string constant
     assert(("Widget: Second Widget: data is not the same", (std::strcmp(secondWidgetData->c_str(), (static_cast<std::string *>(secondWidgetParams->widgetData))->c_str()) == 0)));
             ^
./mutants/test.mutant.1153.cpp:207:13: error: expected ')' before string constant
./mutants/test.mutant.1153.cpp:207:13: error: expected ')' before string constant
./mutants/test.mutant.1153.cpp:207:13: error: expected ')' before string constant
./mutants/test.mutant.1153.cpp:208:13: error: expected unqualified-id before string constant
     assert(("Widget: Second Widget: Property: key is not the same", (std::strcmp(secondPropKey, secondWidgetParams->properties->key()) == 0)));
             ^
./mutants/test.mutant.1153.cpp:208:13: error: expected ')' before string constant
./mutants/test.mutant.1153.cpp:208:13: error: expected ')' before string constant
./mutants/test.mutant.1153.cpp:208:13: error: expected ')' before string constant
./mutants/test.mutant.1153.cpp:209:13: error: expected unqualified-id before string constant
     assert(("Widget: Second Widget: Property: value is not the same", (std::strcmp(secondPropVal->c_str(), secondWidgetParams->properties->valueAsString().c_str()) == 0)));
             ^
./mutants/test.mutant.1153.cpp:209:13: error: expected ')' before string constant
./mutants/test.mutant.1153.cpp:209:13: error: expected ')' before string constant
./mutants/test.mutant.1153.cpp:209:13: error: expected ')' before string constant
./mutants/test.mutant.1153.cpp:210:1: error: expected declaration before '}' token
 }
 ^
